Qflow migration logfile created on Monday 27 February 2023 03:53:10 PM IST
magic -dnull -noconsole  migrate_dec_to_bin.tcl

Magic 8.3 revision 50 - Compiled on Saturday 20 August 2022 10:38:37 PM IST.
Starting magic under Tcl interpreter
Using the terminal as the console.
Using NULL graphics device.
Processing system .magicrc file
Input style lambda=0.20(p): scaleFactor=20, multiplier=1
Contact size value ignored (using GDS generation rules).
Contact size value ignored (using GDS generation rules).
Contact size value ignored (using GDS generation rules).
Contact size value ignored (using GDS generation rules).
Contact size value ignored (using GDS generation rules).
Contact size value ignored (using GDS generation rules).
4 Magic internal units = 1 Lambda
Loading "migrate_dec_to_bin.tcl" from command line.
Root cell box:
           width x height  (   llx,  lly  ), (   urx,  ury  )

microns:    0.00 x 0.00    (  0.00,  0.00 ), (  0.00,  0.00 )
lambda:     0.00 x 0.00    (  0.00,  0.00 ), (  0.00,  0.00 )
internal:      0 x 0       (     0,  0    ), (     0,  0    )
Reading LEF data from file /usr/local/share/qflow/tech/osu035/osu035_stdcells.lef.
This action cannot be undone.
LEF read, Line 16 (Message): Unknown keyword "OBS" in LEF file; ignoring.
LEF read, Line 17 (Message): Unknown keyword "PIN" in LEF file; ignoring.
LEF read: Processed 3179 lines.
Reading DEF data from file dec_to_bin.def.
This action cannot be undone.
  Processed 3 vias total.
  Processed 14 subcell instances total.
  Processed 18 pins total.
  Processed 16 nets total.
  Processed 2 special nets total.
DEF read: Processed 220 lines.
Generating LEF output dec_to_bin.lef for cell dec_to_bin:
Diagnostic:  Write LEF header for cell dec_to_bin
Diagnostic:  Writing LEF output for cell dec_to_bin
Diagnostic:  Scale value is 0.050000
Extracting FILL into FILL.ext:
Completed 100%
Extracting BUFX2 into BUFX2.ext:
Completed 100%
Extracting dec_to_bin into dec_to_bin.ext:
Completed 33%
Completed 50%
Completed 67%
Completed 83%
Completed 100%
exttospice finished.
Migration script ended on Monday 27 February 2023 03:53:11 PM IST
