Qflow synthesis logfile created on Monday 27 February 2023 02:55:43 PM IST
Running yosys for verilog parsing and synthesis
yosys  -s dec_to_bin.ys

 /----------------------------------------------------------------------------\
 |                                                                            |
 |  yosys -- Yosys Open SYnthesis Suite                                       |
 |                                                                            |
 |  Copyright (C) 2012 - 2019  Clifford Wolf <clifford@clifford.at>           |
 |                                                                            |
 |  Permission to use, copy, modify, and/or distribute this software for any  |
 |  purpose with or without fee is hereby granted, provided that the above    |
 |  copyright notice and this permission notice appear in all copies.         |
 |                                                                            |
 |  THE SOFTWARE IS PROVIDED "AS IS" AND THE AUTHOR DISCLAIMS ALL WARRANTIES  |
 |  WITH REGARD TO THIS SOFTWARE INCLUDING ALL IMPLIED WARRANTIES OF          |
 |  MERCHANTABILITY AND FITNESS. IN NO EVENT SHALL THE AUTHOR BE LIABLE FOR   |
 |  ANY SPECIAL, DIRECT, INDIRECT, OR CONSEQUENTIAL DAMAGES OR ANY DAMAGES    |
 |  WHATSOEVER RESULTING FROM LOSS OF USE, DATA OR PROFITS, WHETHER IN AN     |
 |  ACTION OF CONTRACT, NEGLIGENCE OR OTHER TORTIOUS ACTION, ARISING OUT OF   |
 |  OR IN CONNECTION WITH THE USE OR PERFORMANCE OF THIS SOFTWARE.            |
 |                                                                            |
 \----------------------------------------------------------------------------/

 Yosys 0.9 (git sha1 1979e0b)


-- Executing script file `dec_to_bin.ys' --

1. Executing Liberty frontend.
Imported 39 cell types from liberty file.

2. Executing Verilog-2005 frontend: /home/ubuntu/Desktop/Bin2dec/source/d2b.v
Parsing Verilog input from `/home/ubuntu/Desktop/Bin2dec/source/d2b.v' to AST representation.
Generating RTLIL representation for module `\dec_to_bin'.
Note: Assuming pure combinatorial block at /home/ubuntu/Desktop/Bin2dec/source/d2b.v:7 in
compliance with IEC 62142(E):2005 / IEEE Std. 1364.1(E):2002. Recommending
use of @* instead of @(...) for better match of synthesis and simulation.
Successfully finished Verilog frontend.

3. Executing SYNTH pass.

3.1. Executing HIERARCHY pass (managing design hierarchy).

3.1.1. Analyzing design hierarchy..
Top module:  \dec_to_bin

3.1.2. Analyzing design hierarchy..
Top module:  \dec_to_bin
Removed 0 unused modules.

3.2. Executing PROC pass (convert processes to netlists).

3.2.1. Executing PROC_CLEAN pass (remove empty switches from decision trees).
Cleaned up 0 empty switches.

3.2.2. Executing PROC_RMDEAD pass (remove dead branches from decision trees).
Removed a total of 0 dead cases.

3.2.3. Executing PROC_INIT pass (extract init attributes).

3.2.4. Executing PROC_ARST pass (detect async resets in processes).

3.2.5. Executing PROC_MUX pass (convert decision trees to multiplexers).
Creating decoders for process `\dec_to_bin.$proc$/home/ubuntu/Desktop/Bin2dec/source/d2b.v:7$9'.
     1/10: $0\i[31:0]
     2/10: $0\temp[31:0]
     3/10: $0\intermediate[7:0] [7]
     4/10: $0\intermediate[7:0] [6]
     5/10: $0\intermediate[7:0] [5]
     6/10: $0\intermediate[7:0] [4]
     7/10: $0\intermediate[7:0] [3]
     8/10: $0\intermediate[7:0] [2]
     9/10: $0\intermediate[7:0] [1]
    10/10: $0\intermediate[7:0] [0]

3.2.6. Executing PROC_DLATCH pass (convert process syncs to latches).
No latch inferred for signal `\dec_to_bin.\intermediate' from process `\dec_to_bin.$proc$/home/ubuntu/Desktop/Bin2dec/source/d2b.v:7$9'.
No latch inferred for signal `\dec_to_bin.\temp' from process `\dec_to_bin.$proc$/home/ubuntu/Desktop/Bin2dec/source/d2b.v:7$9'.
No latch inferred for signal `\dec_to_bin.\i' from process `\dec_to_bin.$proc$/home/ubuntu/Desktop/Bin2dec/source/d2b.v:7$9'.

3.2.7. Executing PROC_DFF pass (convert process syncs to FFs).

3.2.8. Executing PROC_CLEAN pass (remove empty switches from decision trees).
Removing empty process `dec_to_bin.$proc$/home/ubuntu/Desktop/Bin2dec/source/d2b.v:7$9'.
Cleaned up 0 empty switches.

3.3. Executing OPT_EXPR pass (perform const folding).
Optimizing module dec_to_bin.
<suppressed ~24 debug messages>

3.4. Executing OPT_CLEAN pass (remove unused cells and wires).
Finding unused cells or wires in module \dec_to_bin..
Removed 0 unused cells and 11 unused wires.
<suppressed ~1 debug messages>

3.5. Executing CHECK pass (checking for obvious problems).
checking module dec_to_bin..
found and reported 0 problems.

3.6. Executing OPT pass (performing simple optimizations).

3.6.1. Executing OPT_EXPR pass (perform const folding).
Optimizing module dec_to_bin.

3.6.2. Executing OPT_MERGE pass (detect identical cells).
Finding identical cells in module `\dec_to_bin'.
Removed a total of 0 cells.

3.6.3. Executing OPT_MUXTREE pass (detect dead branches in mux trees).
Running muxtree optimizer on module \dec_to_bin..
  Creating internal representation of mux trees.
  No muxes found in this module.
Removed 0 multiplexer ports.

3.6.4. Executing OPT_REDUCE pass (consolidate $*mux and $reduce_* inputs).
  Optimizing cells in module \dec_to_bin.
Performed a total of 0 changes.

3.6.5. Executing OPT_MERGE pass (detect identical cells).
Finding identical cells in module `\dec_to_bin'.
Removed a total of 0 cells.

3.6.6. Executing OPT_RMDFF pass (remove dff with constant values).

3.6.7. Executing OPT_CLEAN pass (remove unused cells and wires).
Finding unused cells or wires in module \dec_to_bin..

3.6.8. Executing OPT_EXPR pass (perform const folding).
Optimizing module dec_to_bin.

3.6.9. Finished OPT passes. (There is nothing left to do.)

3.7. Executing WREDUCE pass (reducing word size of cells).
Removed top 23 bits (of 32) from port A of cell dec_to_bin.$mod$/home/ubuntu/Desktop/Bin2dec/source/d2b.v:10$10 ($and).
Converting cell dec_to_bin.$mod$/home/ubuntu/Desktop/Bin2dec/source/d2b.v:10$10 ($and) from signed to unsigned.
Removed top 31 bits (of 32) from port Y of cell dec_to_bin.$mod$/home/ubuntu/Desktop/Bin2dec/source/d2b.v:10$10 ($and).
Removed top 8 bits (of 9) from port A of cell dec_to_bin.$mod$/home/ubuntu/Desktop/Bin2dec/source/d2b.v:10$10 ($and).
Removed top 1 bits (of 2) from port B of cell dec_to_bin.$mod$/home/ubuntu/Desktop/Bin2dec/source/d2b.v:10$10 ($and).
Removed top 24 bits (of 32) from port A of cell dec_to_bin.$mod$/home/ubuntu/Desktop/Bin2dec/source/d2b.v:10$12 ($and).
Converting cell dec_to_bin.$mod$/home/ubuntu/Desktop/Bin2dec/source/d2b.v:10$12 ($and) from signed to unsigned.
Removed top 31 bits (of 32) from port Y of cell dec_to_bin.$mod$/home/ubuntu/Desktop/Bin2dec/source/d2b.v:10$12 ($and).
Removed top 7 bits (of 8) from port A of cell dec_to_bin.$mod$/home/ubuntu/Desktop/Bin2dec/source/d2b.v:10$12 ($and).
Removed top 1 bits (of 2) from port B of cell dec_to_bin.$mod$/home/ubuntu/Desktop/Bin2dec/source/d2b.v:10$12 ($and).
Removed top 25 bits (of 32) from port A of cell dec_to_bin.$mod$/home/ubuntu/Desktop/Bin2dec/source/d2b.v:10$14 ($and).
Converting cell dec_to_bin.$mod$/home/ubuntu/Desktop/Bin2dec/source/d2b.v:10$14 ($and) from signed to unsigned.
Removed top 31 bits (of 32) from port Y of cell dec_to_bin.$mod$/home/ubuntu/Desktop/Bin2dec/source/d2b.v:10$14 ($and).
Removed top 6 bits (of 7) from port A of cell dec_to_bin.$mod$/home/ubuntu/Desktop/Bin2dec/source/d2b.v:10$14 ($and).
Removed top 1 bits (of 2) from port B of cell dec_to_bin.$mod$/home/ubuntu/Desktop/Bin2dec/source/d2b.v:10$14 ($and).
Removed top 26 bits (of 32) from port A of cell dec_to_bin.$mod$/home/ubuntu/Desktop/Bin2dec/source/d2b.v:10$16 ($and).
Converting cell dec_to_bin.$mod$/home/ubuntu/Desktop/Bin2dec/source/d2b.v:10$16 ($and) from signed to unsigned.
Removed top 31 bits (of 32) from port Y of cell dec_to_bin.$mod$/home/ubuntu/Desktop/Bin2dec/source/d2b.v:10$16 ($and).
Removed top 5 bits (of 6) from port A of cell dec_to_bin.$mod$/home/ubuntu/Desktop/Bin2dec/source/d2b.v:10$16 ($and).
Removed top 1 bits (of 2) from port B of cell dec_to_bin.$mod$/home/ubuntu/Desktop/Bin2dec/source/d2b.v:10$16 ($and).
Removed top 27 bits (of 32) from port A of cell dec_to_bin.$mod$/home/ubuntu/Desktop/Bin2dec/source/d2b.v:10$18 ($and).
Converting cell dec_to_bin.$mod$/home/ubuntu/Desktop/Bin2dec/source/d2b.v:10$18 ($and) from signed to unsigned.
Removed top 31 bits (of 32) from port Y of cell dec_to_bin.$mod$/home/ubuntu/Desktop/Bin2dec/source/d2b.v:10$18 ($and).
Removed top 4 bits (of 5) from port A of cell dec_to_bin.$mod$/home/ubuntu/Desktop/Bin2dec/source/d2b.v:10$18 ($and).
Removed top 1 bits (of 2) from port B of cell dec_to_bin.$mod$/home/ubuntu/Desktop/Bin2dec/source/d2b.v:10$18 ($and).
Removed top 28 bits (of 32) from port A of cell dec_to_bin.$mod$/home/ubuntu/Desktop/Bin2dec/source/d2b.v:10$20 ($and).
Converting cell dec_to_bin.$mod$/home/ubuntu/Desktop/Bin2dec/source/d2b.v:10$20 ($and) from signed to unsigned.
Removed top 31 bits (of 32) from port Y of cell dec_to_bin.$mod$/home/ubuntu/Desktop/Bin2dec/source/d2b.v:10$20 ($and).
Removed top 3 bits (of 4) from port A of cell dec_to_bin.$mod$/home/ubuntu/Desktop/Bin2dec/source/d2b.v:10$20 ($and).
Removed top 1 bits (of 2) from port B of cell dec_to_bin.$mod$/home/ubuntu/Desktop/Bin2dec/source/d2b.v:10$20 ($and).
Removed top 29 bits (of 32) from port A of cell dec_to_bin.$mod$/home/ubuntu/Desktop/Bin2dec/source/d2b.v:10$22 ($and).
Converting cell dec_to_bin.$mod$/home/ubuntu/Desktop/Bin2dec/source/d2b.v:10$22 ($and) from signed to unsigned.
Removed top 31 bits (of 32) from port Y of cell dec_to_bin.$mod$/home/ubuntu/Desktop/Bin2dec/source/d2b.v:10$22 ($and).
Removed top 2 bits (of 3) from port A of cell dec_to_bin.$mod$/home/ubuntu/Desktop/Bin2dec/source/d2b.v:10$22 ($and).
Removed top 1 bits (of 2) from port B of cell dec_to_bin.$mod$/home/ubuntu/Desktop/Bin2dec/source/d2b.v:10$22 ($and).
Removed top 30 bits (of 32) from port A of cell dec_to_bin.$mod$/home/ubuntu/Desktop/Bin2dec/source/d2b.v:10$24 ($and).
Converting cell dec_to_bin.$mod$/home/ubuntu/Desktop/Bin2dec/source/d2b.v:10$24 ($and) from signed to unsigned.
Removed top 31 bits (of 32) from port Y of cell dec_to_bin.$mod$/home/ubuntu/Desktop/Bin2dec/source/d2b.v:10$24 ($and).
Removed top 1 bits (of 2) from port A of cell dec_to_bin.$mod$/home/ubuntu/Desktop/Bin2dec/source/d2b.v:10$24 ($and).
Removed top 1 bits (of 2) from port B of cell dec_to_bin.$mod$/home/ubuntu/Desktop/Bin2dec/source/d2b.v:10$24 ($and).
Removed top 31 bits (of 32) from wire dec_to_bin.$mod$/home/ubuntu/Desktop/Bin2dec/source/d2b.v:10$10_Y.
Removed top 31 bits (of 32) from wire dec_to_bin.$mod$/home/ubuntu/Desktop/Bin2dec/source/d2b.v:10$12_Y.
Removed top 31 bits (of 32) from wire dec_to_bin.$mod$/home/ubuntu/Desktop/Bin2dec/source/d2b.v:10$14_Y.
Removed top 31 bits (of 32) from wire dec_to_bin.$mod$/home/ubuntu/Desktop/Bin2dec/source/d2b.v:10$16_Y.
Removed top 31 bits (of 32) from wire dec_to_bin.$mod$/home/ubuntu/Desktop/Bin2dec/source/d2b.v:10$18_Y.
Removed top 31 bits (of 32) from wire dec_to_bin.$mod$/home/ubuntu/Desktop/Bin2dec/source/d2b.v:10$20_Y.
Removed top 31 bits (of 32) from wire dec_to_bin.$mod$/home/ubuntu/Desktop/Bin2dec/source/d2b.v:10$22_Y.
Removed top 31 bits (of 32) from wire dec_to_bin.$mod$/home/ubuntu/Desktop/Bin2dec/source/d2b.v:10$24_Y.

3.8. Executing PEEPOPT pass (run peephole optimizers).

3.9. Executing OPT_CLEAN pass (remove unused cells and wires).
Finding unused cells or wires in module \dec_to_bin..
Removed 0 unused cells and 16 unused wires.
<suppressed ~1 debug messages>

3.10. Executing TECHMAP pass (map to technology primitives).

3.10.1. Executing Verilog-2005 frontend: /usr/bin/../share/yosys/cmp2lut.v
Parsing Verilog input from `/usr/bin/../share/yosys/cmp2lut.v' to AST representation.
Generating RTLIL representation for module `\_90_lut_cmp_'.
Successfully finished Verilog frontend.

3.10.2. Continuing TECHMAP pass.
No more expansions possible.

3.11. Executing ALUMACC pass (create $alu and $macc cells).
Extracting $alu and $macc cells in module dec_to_bin:
  created 0 $alu and 0 $macc cells.

3.12. Executing SHARE pass (SAT-based resource sharing).

3.13. Executing OPT pass (performing simple optimizations).

3.13.1. Executing OPT_EXPR pass (perform const folding).
Optimizing module dec_to_bin.
<suppressed ~8 debug messages>

3.13.2. Executing OPT_MERGE pass (detect identical cells).
Finding identical cells in module `\dec_to_bin'.
Removed a total of 0 cells.

3.13.3. Executing OPT_MUXTREE pass (detect dead branches in mux trees).
Running muxtree optimizer on module \dec_to_bin..
  Creating internal representation of mux trees.
  No muxes found in this module.
Removed 0 multiplexer ports.

3.13.4. Executing OPT_REDUCE pass (consolidate $*mux and $reduce_* inputs).
  Optimizing cells in module \dec_to_bin.
Performed a total of 0 changes.

3.13.5. Executing OPT_MERGE pass (detect identical cells).
Finding identical cells in module `\dec_to_bin'.
Removed a total of 0 cells.

3.13.6. Executing OPT_RMDFF pass (remove dff with constant values).

3.13.7. Executing OPT_CLEAN pass (remove unused cells and wires).
Finding unused cells or wires in module \dec_to_bin..

3.13.8. Executing OPT_EXPR pass (perform const folding).
Optimizing module dec_to_bin.

3.13.9. Finished OPT passes. (There is nothing left to do.)

3.14. Executing FSM pass (extract and optimize FSM).

3.14.1. Executing FSM_DETECT pass (finding FSMs in design).

3.14.2. Executing FSM_EXTRACT pass (extracting FSM from design).

3.14.3. Executing FSM_OPT pass (simple optimizations of FSMs).

3.14.4. Executing OPT_CLEAN pass (remove unused cells and wires).
Finding unused cells or wires in module \dec_to_bin..

3.14.5. Executing FSM_OPT pass (simple optimizations of FSMs).

3.14.6. Executing FSM_RECODE pass (re-assigning FSM state encoding).

3.14.7. Executing FSM_INFO pass (dumping all available information on FSM cells).

3.14.8. Executing FSM_MAP pass (mapping FSMs to basic logic).

3.15. Executing OPT pass (performing simple optimizations).

3.15.1. Executing OPT_EXPR pass (perform const folding).
Optimizing module dec_to_bin.

3.15.2. Executing OPT_MERGE pass (detect identical cells).
Finding identical cells in module `\dec_to_bin'.
Removed a total of 0 cells.

3.15.3. Executing OPT_RMDFF pass (remove dff with constant values).

3.15.4. Executing OPT_CLEAN pass (remove unused cells and wires).
Finding unused cells or wires in module \dec_to_bin..

3.15.5. Finished fast OPT passes.

3.16. Executing MEMORY pass.

3.16.1. Executing MEMORY_DFF pass (merging $dff cells to $memrd and $memwr).

3.16.2. Executing OPT_CLEAN pass (remove unused cells and wires).
Finding unused cells or wires in module \dec_to_bin..

3.16.3. Executing MEMORY_SHARE pass (consolidating $memrd/$memwr cells).

3.16.4. Executing OPT_CLEAN pass (remove unused cells and wires).
Finding unused cells or wires in module \dec_to_bin..

3.16.5. Executing MEMORY_COLLECT pass (generating $mem cells).

3.17. Executing OPT_CLEAN pass (remove unused cells and wires).
Finding unused cells or wires in module \dec_to_bin..

3.18. Executing OPT pass (performing simple optimizations).

3.18.1. Executing OPT_EXPR pass (perform const folding).
Optimizing module dec_to_bin.

3.18.2. Executing OPT_MERGE pass (detect identical cells).
Finding identical cells in module `\dec_to_bin'.
Removed a total of 0 cells.

3.18.3. Executing OPT_RMDFF pass (remove dff with constant values).

3.18.4. Executing OPT_CLEAN pass (remove unused cells and wires).
Finding unused cells or wires in module \dec_to_bin..

3.18.5. Finished fast OPT passes.

3.19. Executing MEMORY_MAP pass (converting $mem cells to logic and flip-flops).

3.20. Executing OPT pass (performing simple optimizations).

3.20.1. Executing OPT_EXPR pass (perform const folding).
Optimizing module dec_to_bin.

3.20.2. Executing OPT_MERGE pass (detect identical cells).
Finding identical cells in module `\dec_to_bin'.
Removed a total of 0 cells.

3.20.3. Executing OPT_MUXTREE pass (detect dead branches in mux trees).
Running muxtree optimizer on module \dec_to_bin..
  Creating internal representation of mux trees.
  No muxes found in this module.
Removed 0 multiplexer ports.

3.20.4. Executing OPT_REDUCE pass (consolidate $*mux and $reduce_* inputs).
  Optimizing cells in module \dec_to_bin.
Performed a total of 0 changes.

3.20.5. Executing OPT_MERGE pass (detect identical cells).
Finding identical cells in module `\dec_to_bin'.
Removed a total of 0 cells.

3.20.6. Executing OPT_RMDFF pass (remove dff with constant values).

3.20.7. Executing OPT_CLEAN pass (remove unused cells and wires).
Finding unused cells or wires in module \dec_to_bin..

3.20.8. Executing OPT_EXPR pass (perform const folding).
Optimizing module dec_to_bin.

3.20.9. Finished OPT passes. (There is nothing left to do.)

3.21. Executing TECHMAP pass (map to technology primitives).

3.21.1. Executing Verilog-2005 frontend: <techmap.v>
Parsing Verilog input from `<techmap.v>' to AST representation.
Generating RTLIL representation for module `\_90_simplemap_bool_ops'.
Generating RTLIL representation for module `\_90_simplemap_reduce_ops'.
Generating RTLIL representation for module `\_90_simplemap_logic_ops'.
Generating RTLIL representation for module `\_90_simplemap_compare_ops'.
Generating RTLIL representation for module `\_90_simplemap_various'.
Generating RTLIL representation for module `\_90_simplemap_registers'.
Generating RTLIL representation for module `\_90_shift_ops_shr_shl_sshl_sshr'.
Generating RTLIL representation for module `\_90_shift_shiftx'.
Generating RTLIL representation for module `\_90_fa'.
Generating RTLIL representation for module `\_90_lcu'.
Generating RTLIL representation for module `\_90_alu'.
Generating RTLIL representation for module `\_90_macc'.
Generating RTLIL representation for module `\_90_alumacc'.
Generating RTLIL representation for module `\$__div_mod_u'.
Generating RTLIL representation for module `\$__div_mod'.
Generating RTLIL representation for module `\_90_div'.
Generating RTLIL representation for module `\_90_mod'.
Generating RTLIL representation for module `\_90_pow'.
Generating RTLIL representation for module `\_90_pmux'.
Generating RTLIL representation for module `\_90_lut'.
Successfully finished Verilog frontend.

3.21.2. Continuing TECHMAP pass.
No more expansions possible.

3.22. Executing OPT pass (performing simple optimizations).

3.22.1. Executing OPT_EXPR pass (perform const folding).
Optimizing module dec_to_bin.

3.22.2. Executing OPT_MERGE pass (detect identical cells).
Finding identical cells in module `\dec_to_bin'.
Removed a total of 0 cells.

3.22.3. Executing OPT_RMDFF pass (remove dff with constant values).

3.22.4. Executing OPT_CLEAN pass (remove unused cells and wires).
Finding unused cells or wires in module \dec_to_bin..

3.22.5. Finished fast OPT passes.

3.23. Executing ABC pass (technology mapping using ABC).

3.23.1. Extracting gate netlist of module `\dec_to_bin' to `<abc-temp-dir>/input.blif'..
Extracted 0 gates and 0 wires to a netlist network with 0 inputs and 0 outputs.
Don't call ABC as there is nothing to map.
Removing temp directory.

3.24. Executing OPT pass (performing simple optimizations).

3.24.1. Executing OPT_EXPR pass (perform const folding).
Optimizing module dec_to_bin.

3.24.2. Executing OPT_MERGE pass (detect identical cells).
Finding identical cells in module `\dec_to_bin'.
Removed a total of 0 cells.

3.24.3. Executing OPT_RMDFF pass (remove dff with constant values).

3.24.4. Executing OPT_CLEAN pass (remove unused cells and wires).
Finding unused cells or wires in module \dec_to_bin..

3.24.5. Finished fast OPT passes.

3.25. Executing HIERARCHY pass (managing design hierarchy).

3.25.1. Analyzing design hierarchy..
Top module:  \dec_to_bin

3.25.2. Analyzing design hierarchy..
Top module:  \dec_to_bin
Removed 0 unused modules.

3.26. Printing statistics.

=== dec_to_bin ===

   Number of wires:                  5
   Number of wire bits:             88
   Number of public wires:           5
   Number of public wire bits:      88
   Number of memories:               0
   Number of memory bits:            0
   Number of processes:              0
   Number of cells:                  0

3.27. Executing CHECK pass (checking for obvious problems).
checking module dec_to_bin..
found and reported 0 problems.

4. Executing DFFLIBMAP pass (mapping DFF cells to sequential cells from liberty file).
  cell DFFNEGX1 (noninv, pins=3, area=384.00) is a direct match for cell type $_DFF_N_.
  cell DFFPOSX1 (noninv, pins=3, area=384.00) is a direct match for cell type $_DFF_P_.
  cell DFFSR (noninv, pins=5, area=704.00) is a direct match for cell type $_DFFSR_PNN_.
  create mapping for $_DFFSR_PPN_ from mapping for $_DFFSR_PNN_.
  create mapping for $_DFFSR_PNP_ from mapping for $_DFFSR_PNN_.
  create mapping for $_DFFSR_PPP_ from mapping for $_DFFSR_PNP_.
  create mapping for $_DFFSR_NNN_ from mapping for $_DFFSR_PNN_.
  create mapping for $_DFFSR_NPN_ from mapping for $_DFFSR_NNN_.
  create mapping for $_DFFSR_NNP_ from mapping for $_DFFSR_NNN_.
  create mapping for $_DFFSR_NPP_ from mapping for $_DFFSR_NNP_.
  create mapping for $_DFF_NN0_ from mapping for $_DFFSR_NNN_.
  create mapping for $_DFF_NN1_ from mapping for $_DFFSR_NNN_.
  create mapping for $_DFF_NP0_ from mapping for $_DFFSR_NPP_.
  create mapping for $_DFF_NP1_ from mapping for $_DFFSR_NPP_.
  create mapping for $_DFF_PN0_ from mapping for $_DFFSR_PNN_.
  create mapping for $_DFF_PN1_ from mapping for $_DFFSR_PNN_.
  create mapping for $_DFF_PP0_ from mapping for $_DFFSR_PPP_.
  create mapping for $_DFF_PP1_ from mapping for $_DFFSR_PPP_.
  final dff cell mappings:
    DFFNEGX1 _DFF_N_ (.CLK( C), .D( D), .Q( Q));
    DFFPOSX1 _DFF_P_ (.CLK( C), .D( D), .Q( Q));
    DFFSR _DFF_NN0_ (.CLK(~C), .D( D), .Q( Q), .R( R), .S( 1));
    DFFSR _DFF_NN1_ (.CLK(~C), .D( D), .Q( Q), .R( 1), .S( R));
    DFFSR _DFF_NP0_ (.CLK(~C), .D( D), .Q( Q), .R(~R), .S( 1));
    DFFSR _DFF_NP1_ (.CLK(~C), .D( D), .Q( Q), .R( 1), .S(~R));
    DFFSR _DFF_PN0_ (.CLK( C), .D( D), .Q( Q), .R( R), .S( 1));
    DFFSR _DFF_PN1_ (.CLK( C), .D( D), .Q( Q), .R( 1), .S( R));
    DFFSR _DFF_PP0_ (.CLK( C), .D( D), .Q( Q), .R(~R), .S( 1));
    DFFSR _DFF_PP1_ (.CLK( C), .D( D), .Q( Q), .R( 1), .S(~R));
    DFFSR _DFFSR_NNN_ (.CLK(~C), .D( D), .Q( Q), .R( R), .S( S));
    DFFSR _DFFSR_NNP_ (.CLK(~C), .D( D), .Q( Q), .R(~R), .S( S));
    DFFSR _DFFSR_NPN_ (.CLK(~C), .D( D), .Q( Q), .R( R), .S(~S));
    DFFSR _DFFSR_NPP_ (.CLK(~C), .D( D), .Q( Q), .R(~R), .S(~S));
    DFFSR _DFFSR_PNN_ (.CLK( C), .D( D), .Q( Q), .R( R), .S( S));
    DFFSR _DFFSR_PNP_ (.CLK( C), .D( D), .Q( Q), .R(~R), .S( S));
    DFFSR _DFFSR_PPN_ (.CLK( C), .D( D), .Q( Q), .R( R), .S(~S));
    DFFSR _DFFSR_PPP_ (.CLK( C), .D( D), .Q( Q), .R(~R), .S(~S));
Mapping DFF cells in module `\dec_to_bin':

5. Executing OPT pass (performing simple optimizations).

5.1. Executing OPT_EXPR pass (perform const folding).
Optimizing module dec_to_bin.

5.2. Executing OPT_MERGE pass (detect identical cells).
Finding identical cells in module `\dec_to_bin'.
Removed a total of 0 cells.

5.3. Executing OPT_MUXTREE pass (detect dead branches in mux trees).
Running muxtree optimizer on module \dec_to_bin..
  Creating internal representation of mux trees.
  No muxes found in this module.
Removed 0 multiplexer ports.

5.4. Executing OPT_REDUCE pass (consolidate $*mux and $reduce_* inputs).
  Optimizing cells in module \dec_to_bin.
Performed a total of 0 changes.

5.5. Executing OPT_MERGE pass (detect identical cells).
Finding identical cells in module `\dec_to_bin'.
Removed a total of 0 cells.

5.6. Executing OPT_RMDFF pass (remove dff with constant values).

5.7. Executing OPT_CLEAN pass (remove unused cells and wires).
Finding unused cells or wires in module \dec_to_bin..

5.8. Executing OPT_EXPR pass (perform const folding).
Optimizing module dec_to_bin.

5.9. Finished OPT passes. (There is nothing left to do.)

6. Executing ABC pass (technology mapping using ABC).

6.1. Extracting gate netlist of module `\dec_to_bin' to `<abc-temp-dir>/input.blif'..
Extracted 0 gates and 0 wires to a netlist network with 0 inputs and 0 outputs.
Don't call ABC as there is nothing to map.
Removing temp directory.

7. Executing FLATTEN pass (flatten design).
No more expansions possible.

8. Executing SETUNDEF pass (replace undef values with defined constants).
Removed 0 unused cells and 3 unused wires.

9. Executing IOPADMAP pass (mapping inputs/outputs to IO-PAD cells).
Mapping port dec_to_bin.binary using BUFX2.
Don't map input port dec_to_bin.decimal: Missing option -inpad.

10. Executing OPT pass (performing simple optimizations).

10.1. Executing OPT_EXPR pass (perform const folding).
Optimizing module dec_to_bin.

10.2. Executing OPT_MERGE pass (detect identical cells).
Finding identical cells in module `\dec_to_bin'.
Removed a total of 0 cells.

10.3. Executing OPT_MUXTREE pass (detect dead branches in mux trees).
Running muxtree optimizer on module \dec_to_bin..
  Creating internal representation of mux trees.
  No muxes found in this module.
Removed 0 multiplexer ports.

10.4. Executing OPT_REDUCE pass (consolidate $*mux and $reduce_* inputs).
  Optimizing cells in module \dec_to_bin.
Performed a total of 0 changes.

10.5. Executing OPT_MERGE pass (detect identical cells).
Finding identical cells in module `\dec_to_bin'.
Removed a total of 0 cells.

10.6. Executing OPT_RMDFF pass (remove dff with constant values).

10.7. Executing OPT_CLEAN pass (remove unused cells and wires).
Finding unused cells or wires in module \dec_to_bin..
Removed 0 unused cells and 1 unused wires.
<suppressed ~1 debug messages>

10.8. Executing OPT_EXPR pass (perform const folding).
Optimizing module dec_to_bin.

10.9. Finished OPT passes. (There is nothing left to do.)

11. Executing BLIF backend.

12. Printing statistics.

=== dec_to_bin ===

   Number of wires:                  2
   Number of wire bits:             16
   Number of public wires:           2
   Number of public wire bits:      16
   Number of memories:               0
   Number of memory bits:            0
   Number of processes:              0
   Number of cells:                  8
     BUFX2                           8

End of script. Logfile hash: 3a9ed75ba0
CPU: user 0.16s system 0.00s, MEM: 16.71 MB total, 10.68 MB resident
Yosys 0.9 (git sha1 1979e0b)
Time spent: 31% 1x share (0 sec), 12% 15x opt_clean (0 sec), ...
Running getpowerground to determine power and ground net names.
getpowerground.tcl  /usr/local/share/qflow/tech/osu035/osu035_stdcells.lef
Cleaning up output syntax
ypostproc.tcl dec_to_bin_mapped.blif dec_to_bin /usr/local/share/qflow/tech/osu035/osu035.sh vdd gnd 
Cleaning up blif file syntax
Running blifFanout (iterative)
Each iteration calls:
blifFanout -l 200 -c 30 -I dec_to_bin_nofanout -s nullstring -p /usr/local/share/qflow/tech/osu035/osu035_stdcells.lib -b BUFX2,CLKBUF1 -i A,A -o Y,Y tmp.blif dec_to_bin.blif

blifFanout for qflow 1.3.17
Parsing library "osu035_stdcells"
End of library at line 6636
Lib Read:  Processed 6637 lines.
Top internal fanout is 0 (load 108.689) from node binary[4],
driven by BUFX2 with strength 208.34 (fF driven at latency 200)
Top fanout load-to-strength ratio is 0.521689 (latency = 104.338 ps)
Top input node fanout is 1 (load 13.4147) from node decimal[0].
0 gates exceed specified minimum load.
0 buffers were added.
0 gates were changed.

Gate counts by drive strength:

	"2" gates	In: 8    	Out: 8    	+0

Number of gates changed: 0
gates resized: 0

Generating RTL verilog and SPICE netlist file in directory
	 /home/ubuntu/Desktop/Bin2dec/synthesis
Files:
   Verilog: /home/ubuntu/Desktop/Bin2dec/synthesis/dec_to_bin.rtl.v
   Verilog: /home/ubuntu/Desktop/Bin2dec/synthesis/dec_to_bin.rtlnopwr.v
   Verilog: /home/ubuntu/Desktop/Bin2dec/synthesis/dec_to_bin.rtlbb.v
   Spice:   /home/ubuntu/Desktop/Bin2dec/synthesis/dec_to_bin.spc

Running blif2Verilog.
Running blif2BSpice.
Running spi2xspice.py
spi2xspice.py "/usr/local/share/qflow/tech/osu035/osu035_stdcells.lib" dec_to_bin.spc dec_to_bin.xspice

Synthesis script ended on Monday 27 February 2023 02:55:44 PM IST
