#! /usr/bin/vvp
:ivl_version "11.0 (stable)";
:ivl_delay_selection "TYPICAL";
:vpi_time_precision + 0;
:vpi_module "/usr/lib/x86_64-linux-gnu/ivl/system.vpi";
:vpi_module "/usr/lib/x86_64-linux-gnu/ivl/vhdl_sys.vpi";
:vpi_module "/usr/lib/x86_64-linux-gnu/ivl/vhdl_textio.vpi";
:vpi_module "/usr/lib/x86_64-linux-gnu/ivl/v2005_math.vpi";
:vpi_module "/usr/lib/x86_64-linux-gnu/ivl/va_math.vpi";
S_0x560a63d593d0 .scope module, "tb" "tb" 2 2;
 .timescale 0 0;
v0x560a63d6aa50_0 .net "binary", 8 0, v0x560a63d20ba0_0;  1 drivers
v0x560a63d6ab10_0 .var "octal", 0 0;
S_0x560a63d59560 .scope module, "dut" "octal_to_binary" 2 7, 3 20 0, S_0x560a63d593d0;
 .timescale 0 0;
    .port_info 0 /INPUT 1 "octal";
    .port_info 1 /OUTPUT 9 "binary";
v0x560a63d20ba0_0 .var "binary", 8 0;
v0x560a63d6a930_0 .net "octal", 0 0, v0x560a63d6ab10_0;  1 drivers
E_0x560a63d1f780 .event edge, v0x560a63d6a930_0;
    .scope S_0x560a63d59560;
T_0 ;
    %wait E_0x560a63d1f780;
    %load/vec4 v0x560a63d6a930_0;
    %pad/u 3;
    %dup/vec4;
    %pushi/vec4 0, 0, 3;
    %cmp/u;
    %jmp/1 T_0.0, 6;
    %dup/vec4;
    %pushi/vec4 1, 0, 3;
    %cmp/u;
    %jmp/1 T_0.1, 6;
    %dup/vec4;
    %pushi/vec4 2, 0, 3;
    %cmp/u;
    %jmp/1 T_0.2, 6;
    %dup/vec4;
    %pushi/vec4 3, 0, 3;
    %cmp/u;
    %jmp/1 T_0.3, 6;
    %dup/vec4;
    %pushi/vec4 4, 0, 3;
    %cmp/u;
    %jmp/1 T_0.4, 6;
    %dup/vec4;
    %pushi/vec4 5, 0, 3;
    %cmp/u;
    %jmp/1 T_0.5, 6;
    %dup/vec4;
    %pushi/vec4 6, 0, 3;
    %cmp/u;
    %jmp/1 T_0.6, 6;
    %dup/vec4;
    %pushi/vec4 7, 0, 3;
    %cmp/u;
    %jmp/1 T_0.7, 6;
    %pushi/vec4 0, 0, 9;
    %store/vec4 v0x560a63d20ba0_0, 0, 9;
    %jmp T_0.9;
T_0.0 ;
    %pushi/vec4 0, 0, 9;
    %store/vec4 v0x560a63d20ba0_0, 0, 9;
    %jmp T_0.9;
T_0.1 ;
    %pushi/vec4 1, 0, 9;
    %store/vec4 v0x560a63d20ba0_0, 0, 9;
    %jmp T_0.9;
T_0.2 ;
    %pushi/vec4 2, 0, 9;
    %store/vec4 v0x560a63d20ba0_0, 0, 9;
    %jmp T_0.9;
T_0.3 ;
    %pushi/vec4 3, 0, 9;
    %store/vec4 v0x560a63d20ba0_0, 0, 9;
    %jmp T_0.9;
T_0.4 ;
    %pushi/vec4 4, 0, 9;
    %store/vec4 v0x560a63d20ba0_0, 0, 9;
    %jmp T_0.9;
T_0.5 ;
    %pushi/vec4 5, 0, 9;
    %store/vec4 v0x560a63d20ba0_0, 0, 9;
    %jmp T_0.9;
T_0.6 ;
    %pushi/vec4 6, 0, 9;
    %store/vec4 v0x560a63d20ba0_0, 0, 9;
    %jmp T_0.9;
T_0.7 ;
    %pushi/vec4 7, 0, 9;
    %store/vec4 v0x560a63d20ba0_0, 0, 9;
    %jmp T_0.9;
T_0.9 ;
    %pop/vec4 1;
    %jmp T_0;
    .thread T_0, $push;
    .scope S_0x560a63d593d0;
T_1 ;
    %pushi/vec4 1, 0, 1;
    %store/vec4 v0x560a63d6ab10_0, 0, 1;
    %delay 30, 0;
    %vpi_call 2 13 "$display", "Octal: %o Binary: %b", v0x560a63d6ab10_0, v0x560a63d6aa50_0 {0 0 0};
    %end;
    .thread T_1;
    .scope S_0x560a63d593d0;
T_2 ;
    %vpi_call 2 17 "$dumpfile", "test.vcd" {0 0 0};
    %vpi_call 2 18 "$dumpvars", 32'sb00000000000000000000000000000000, S_0x560a63d593d0 {0 0 0};
    %end;
    .thread T_2;
# The file index is used to find the file name in the following table.
:file_names 4;
    "N/A";
    "<interactive>";
    "tb_octtobin.v";
    "./octtobin.v";
