#! /usr/bin/vvp
:ivl_version "11.0 (stable)";
:ivl_delay_selection "TYPICAL";
:vpi_time_precision + 0;
:vpi_module "/usr/lib/x86_64-linux-gnu/ivl/system.vpi";
:vpi_module "/usr/lib/x86_64-linux-gnu/ivl/vhdl_sys.vpi";
:vpi_module "/usr/lib/x86_64-linux-gnu/ivl/vhdl_textio.vpi";
:vpi_module "/usr/lib/x86_64-linux-gnu/ivl/v2005_math.vpi";
:vpi_module "/usr/lib/x86_64-linux-gnu/ivl/va_math.vpi";
S_0x558d229e4cc0 .scope module, "tb" "tb" 2 2;
 .timescale 0 0;
v0x558d229f7d10_0 .var "decimal", 7 0;
v0x558d229f7dd0_0 .net "hex", 7 0, L_0x558d229f7f70;  1 drivers
v0x558d229f7ea0_0 .var/i "i", 31 0;
S_0x558d229e4e50 .scope module, "dut" "dec_to_hex" 2 7, 3 2 0, S_0x558d229e4cc0;
 .timescale 0 0;
    .port_info 0 /INPUT 8 "decimal";
    .port_info 1 /OUTPUT 8 "hex";
L_0x558d229f7f70 .functor BUFZ 8, v0x558d229f7aa0_0, C4<00000000>, C4<00000000>, C4<00000000>;
v0x558d229abba0_0 .net "decimal", 7 0, v0x558d229f7d10_0;  1 drivers
v0x558d229f7900_0 .net "hex", 7 0, L_0x558d229f7f70;  alias, 1 drivers
v0x558d229f79e0_0 .var/i "i", 31 0;
v0x558d229f7aa0_0 .var "intermediate", 7 0;
v0x558d229f7b80_0 .var/i "temp", 31 0;
E_0x558d229e2c80 .event edge, v0x558d229abba0_0;
    .scope S_0x558d229e4e50;
T_0 ;
    %wait E_0x558d229e2c80;
    %load/vec4 v0x558d229abba0_0;
    %pad/u 32;
    %store/vec4 v0x558d229f7b80_0, 0, 32;
    %pushi/vec4 0, 0, 32;
    %store/vec4 v0x558d229f79e0_0, 0, 32;
T_0.0 ;
    %load/vec4 v0x558d229f79e0_0;
    %cmpi/s 8, 0, 32;
    %jmp/0xz T_0.1, 5;
    %load/vec4 v0x558d229f7b80_0;
    %pushi/vec4 2, 0, 32;
    %mod/s;
    %pad/s 1;
    %ix/getv/s 4, v0x558d229f79e0_0;
    %store/vec4 v0x558d229f7aa0_0, 4, 1;
    %load/vec4 v0x558d229f7b80_0;
    %pushi/vec4 2, 0, 32;
    %div/s;
    %store/vec4 v0x558d229f7b80_0, 0, 32;
    %load/vec4 v0x558d229f79e0_0;
    %addi 1, 0, 32;
    %store/vec4 v0x558d229f79e0_0, 0, 32;
    %jmp T_0.0;
T_0.1 ;
    %jmp T_0;
    .thread T_0, $push;
    .scope S_0x558d229e4cc0;
T_1 ;
    %pushi/vec4 0, 0, 32;
    %store/vec4 v0x558d229f7ea0_0, 0, 32;
T_1.0 ;
    %load/vec4 v0x558d229f7ea0_0;
    %cmpi/s 256, 0, 32;
    %jmp/0xz T_1.1, 5;
    %load/vec4 v0x558d229f7ea0_0;
    %pad/s 8;
    %store/vec4 v0x558d229f7d10_0, 0, 8;
    %delay 10, 0;
    %vpi_call 2 16 "$display", "Decimal: %d Hexadecimal: %h", v0x558d229f7d10_0, v0x558d229f7dd0_0 {0 0 0};
    %load/vec4 v0x558d229f7ea0_0;
    %addi 1, 0, 32;
    %store/vec4 v0x558d229f7ea0_0, 0, 32;
    %jmp T_1.0;
T_1.1 ;
    %end;
    .thread T_1;
    .scope S_0x558d229e4cc0;
T_2 ;
    %vpi_call 2 20 "$dumpfile", "test.vcd" {0 0 0};
    %vpi_call 2 21 "$dumpvars", 32'sb00000000000000000000000000000000, S_0x558d229e4cc0 {0 0 0};
    %end;
    .thread T_2;
# The file index is used to find the file name in the following table.
:file_names 4;
    "N/A";
    "<interactive>";
    "tb_decimaltohex.v";
    "./decimaltohex.v";
