
Cell BUFX2 disconnected node: A
Cell BUFX2 disconnected node: gnd
Cell BUFX2 disconnected node: Y
Cell BUFX2 disconnected node: vdd

Subcircuit pins:
Circuit 1: BUFX2                           |Circuit 2: BUFX2                           
-------------------------------------------|-------------------------------------------
A                                          |A                                          
gnd                                        |gnd                                        
Y                                          |Y                                          
vdd                                        |vdd                                        
---------------------------------------------------------------------------------------
Cell pin lists are equivalent.
Device classes BUFX2 and BUFX2 are equivalent.

Subcircuit summary:
Circuit 1: dec_to_bin                      |Circuit 2: dec_to_bin                      
-------------------------------------------|-------------------------------------------
BUFX2 (8)                                  |BUFX2 (8)                                  
Number of devices: 8                       |Number of devices: 8                       
Number of nets: 18                         |Number of nets: 18                         
---------------------------------------------------------------------------------------
Netlists match uniquely.
Circuits match correctly.

Subcircuit pins:
Circuit 1: dec_to_bin                      |Circuit 2: dec_to_bin                      
-------------------------------------------|-------------------------------------------
decimal[7]                                 |decimal[7]                                 
decimal[6]                                 |decimal[6]                                 
decimal[5]                                 |decimal[5]                                 
decimal[4]                                 |decimal[4]                                 
decimal[3]                                 |decimal[3]                                 
decimal[2]                                 |decimal[2]                                 
decimal[1]                                 |decimal[1]                                 
decimal[0]                                 |decimal[0]                                 
octal[7]                                   |octal[7]                                   
octal[6]                                   |octal[6]                                   
octal[5]                                   |octal[5]                                   
octal[4]                                   |octal[4]                                   
octal[3]                                   |octal[3]                                   
octal[2]                                   |octal[2]                                   
octal[1]                                   |octal[1]                                   
octal[0]                                   |octal[0]                                   
vdd                                        |vdd                                        
gnd                                        |gnd                                        
---------------------------------------------------------------------------------------
Cell pin lists are equivalent.
Device classes dec_to_bin and dec_to_bin are equivalent.
Circuits match uniquely.
