#! /usr/bin/vvp
:ivl_version "11.0 (stable)";
:ivl_delay_selection "TYPICAL";
:vpi_time_precision + 0;
:vpi_module "/usr/lib/x86_64-linux-gnu/ivl/system.vpi";
:vpi_module "/usr/lib/x86_64-linux-gnu/ivl/vhdl_sys.vpi";
:vpi_module "/usr/lib/x86_64-linux-gnu/ivl/vhdl_textio.vpi";
:vpi_module "/usr/lib/x86_64-linux-gnu/ivl/v2005_math.vpi";
:vpi_module "/usr/lib/x86_64-linux-gnu/ivl/va_math.vpi";
S_0x562688572cc0 .scope module, "tb" "tb" 2 2;
 .timescale 0 0;
v0x562688585b80_0 .var "decimal", 7 0;
v0x562688585c40_0 .var/i "i", 31 0;
v0x562688585d00_0 .net "octal", 7 0, L_0x562688585e00;  1 drivers
S_0x562688572e50 .scope module, "dut" "dec_to_bin" 2 7, 3 2 0, S_0x562688572cc0;
 .timescale 0 0;
    .port_info 0 /INPUT 8 "decimal";
    .port_info 1 /OUTPUT 8 "octal";
L_0x562688585e00 .functor BUFZ 8, v0x562688585850_0, C4<00000000>, C4<00000000>, C4<00000000>;
v0x562688539ba0_0 .net "decimal", 7 0, v0x562688585b80_0;  1 drivers
v0x562688585770_0 .var/i "i", 31 0;
v0x562688585850_0 .var "intermediate", 7 0;
v0x562688585910_0 .net "octal", 7 0, L_0x562688585e00;  alias, 1 drivers
v0x5626885859f0_0 .var/i "temp", 31 0;
E_0x5626885388a0 .event edge, v0x562688539ba0_0;
    .scope S_0x562688572e50;
T_0 ;
    %wait E_0x5626885388a0;
    %load/vec4 v0x562688539ba0_0;
    %pad/u 32;
    %store/vec4 v0x5626885859f0_0, 0, 32;
    %pushi/vec4 0, 0, 32;
    %store/vec4 v0x562688585770_0, 0, 32;
T_0.0 ;
    %load/vec4 v0x562688585770_0;
    %cmpi/s 8, 0, 32;
    %jmp/0xz T_0.1, 5;
    %load/vec4 v0x5626885859f0_0;
    %pushi/vec4 2, 0, 32;
    %mod/s;
    %pad/s 1;
    %ix/getv/s 4, v0x562688585770_0;
    %store/vec4 v0x562688585850_0, 4, 1;
    %load/vec4 v0x5626885859f0_0;
    %pushi/vec4 2, 0, 32;
    %div/s;
    %store/vec4 v0x5626885859f0_0, 0, 32;
    %load/vec4 v0x562688585770_0;
    %addi 1, 0, 32;
    %store/vec4 v0x562688585770_0, 0, 32;
    %jmp T_0.0;
T_0.1 ;
    %jmp T_0;
    .thread T_0, $push;
    .scope S_0x562688572cc0;
T_1 ;
    %pushi/vec4 0, 0, 32;
    %store/vec4 v0x562688585c40_0, 0, 32;
T_1.0 ;
    %load/vec4 v0x562688585c40_0;
    %cmpi/s 256, 0, 32;
    %jmp/0xz T_1.1, 5;
    %load/vec4 v0x562688585c40_0;
    %pad/s 8;
    %store/vec4 v0x562688585b80_0, 0, 8;
    %delay 10, 0;
    %vpi_call 2 16 "$display", "Decimal: %d Octal: %o", v0x562688585b80_0, v0x562688585d00_0 {0 0 0};
    %load/vec4 v0x562688585c40_0;
    %addi 1, 0, 32;
    %store/vec4 v0x562688585c40_0, 0, 32;
    %jmp T_1.0;
T_1.1 ;
    %end;
    .thread T_1;
    .scope S_0x562688572cc0;
T_2 ;
    %vpi_call 2 20 "$dumpfile", "test.vcd" {0 0 0};
    %vpi_call 2 21 "$dumpvars", 32'sb00000000000000000000000000000000, S_0x562688572cc0 {0 0 0};
    %end;
    .thread T_2;
# The file index is used to find the file name in the following table.
:file_names 4;
    "N/A";
    "<interactive>";
    "tb_decimaltooctal.v";
    "./decimaltooctal.v";
