#! /usr/bin/vvp
:ivl_version "11.0 (stable)";
:ivl_delay_selection "TYPICAL";
:vpi_time_precision + 0;
:vpi_module "/usr/lib/x86_64-linux-gnu/ivl/system.vpi";
:vpi_module "/usr/lib/x86_64-linux-gnu/ivl/vhdl_sys.vpi";
:vpi_module "/usr/lib/x86_64-linux-gnu/ivl/vhdl_textio.vpi";
:vpi_module "/usr/lib/x86_64-linux-gnu/ivl/v2005_math.vpi";
:vpi_module "/usr/lib/x86_64-linux-gnu/ivl/va_math.vpi";
S_0x56181a20b0f0 .scope module, "tb" "tb" 2 2;
 .timescale 0 0;
v0x56181a21d3a0_0 .var "binary", 7 0;
v0x56181a21d460_0 .net "octal", 7 0, L_0x56181a21d500;  1 drivers
S_0x56181a20b280 .scope module, "dut" "binary_to_octal" 2 7, 3 1 0, S_0x56181a20b0f0;
 .timescale 0 0;
    .port_info 0 /INPUT 8 "binary";
    .port_info 1 /OUTPUT 8 "octal";
L_0x56181a21d500 .functor BUFZ 8, v0x56181a21d210_0, C4<00000000>, C4<00000000>, C4<00000000>;
v0x56181a1d1ba0_0 .net "binary", 7 0, v0x56181a21d3a0_0;  1 drivers
v0x56181a21cf90_0 .var/i "i", 31 0;
v0x56181a21d070_0 .var/i "intermediate", 31 0;
v0x56181a21d130_0 .net "octal", 7 0, L_0x56181a21d500;  alias, 1 drivers
v0x56181a21d210_0 .var "temp", 7 0;
E_0x56181a1d08a0 .event edge, v0x56181a1d1ba0_0, v0x56181a21d070_0, v0x56181a21d210_0;
    .scope S_0x56181a20b280;
T_0 ;
    %pushi/vec4 0, 0, 8;
    %store/vec4 v0x56181a21d210_0, 0, 8;
    %end;
    .thread T_0;
    .scope S_0x56181a20b280;
T_1 ;
    %wait E_0x56181a1d08a0;
    %load/vec4 v0x56181a1d1ba0_0;
    %pad/u 32;
    %store/vec4 v0x56181a21d070_0, 0, 32;
    %pushi/vec4 0, 0, 32;
    %store/vec4 v0x56181a21cf90_0, 0, 32;
T_1.0 ;
    %load/vec4 v0x56181a21cf90_0;
    %cmpi/s 8, 0, 32;
    %jmp/0xz T_1.1, 5;
    %load/vec4 v0x56181a21d070_0;
    %load/vec4 v0x56181a21cf90_0;
    %part/s 1;
    %pad/u 32;
    %cmpi/e 1, 0, 32;
    %jmp/0xz  T_1.2, 4;
    %load/vec4 v0x56181a21d210_0;
    %pad/u 32;
    %pushi/vec4 2, 0, 32;
    %load/vec4 v0x56181a21cf90_0;
    %pow/s;
    %add;
    %pad/u 8;
    %store/vec4 v0x56181a21d210_0, 0, 8;
T_1.2 ;
    %load/vec4 v0x56181a21cf90_0;
    %addi 1, 0, 32;
    %store/vec4 v0x56181a21cf90_0, 0, 32;
    %jmp T_1.0;
T_1.1 ;
    %jmp T_1;
    .thread T_1, $push;
    .scope S_0x56181a20b0f0;
T_2 ;
    %pushi/vec4 19, 0, 8;
    %store/vec4 v0x56181a21d3a0_0, 0, 8;
    %delay 10, 0;
    %vpi_call 2 13 "$display", "Octal: %o Binary: %b", v0x56181a21d460_0, v0x56181a21d3a0_0 {0 0 0};
    %end;
    .thread T_2;
    .scope S_0x56181a20b0f0;
T_3 ;
    %vpi_call 2 17 "$dumpfile", "test.vcd" {0 0 0};
    %vpi_call 2 18 "$dumpvars", 32'sb00000000000000000000000000000000, S_0x56181a20b0f0 {0 0 0};
    %end;
    .thread T_3;
# The file index is used to find the file name in the following table.
:file_names 4;
    "N/A";
    "<interactive>";
    "tb_bintooct.v";
    "./bintooct.v";
