
Cell BUFX2 disconnected node: A
Cell BUFX2 disconnected node: gnd
Cell BUFX2 disconnected node: Y
Cell BUFX2 disconnected node: vdd

Subcircuit pins:
Circuit 1: BUFX2                           |Circuit 2: BUFX2                           
-------------------------------------------|-------------------------------------------
A                                          |A                                          
gnd                                        |gnd                                        
Y                                          |Y                                          
vdd                                        |vdd                                        
---------------------------------------------------------------------------------------
Cell pin lists are equivalent.
Device classes BUFX2 and BUFX2 are equivalent.

Subcircuit summary:
Circuit 1: dec_to_hex                      |Circuit 2: dec_to_hex                      
-------------------------------------------|-------------------------------------------
BUFX2 (8)                                  |BUFX2 (8)                                  
Number of devices: 8                       |Number of devices: 8                       
Number of nets: 18                         |Number of nets: 18                         
---------------------------------------------------------------------------------------
Netlists match uniquely.
Circuits match correctly.

Subcircuit pins:
Circuit 1: dec_to_hex                      |Circuit 2: dec_to_hex                      
-------------------------------------------|-------------------------------------------
decimal[7]                                 |decimal[7]                                 
decimal[6]                                 |decimal[6]                                 
decimal[5]                                 |decimal[5]                                 
decimal[4]                                 |decimal[4]                                 
decimal[3]                                 |decimal[3]                                 
decimal[2]                                 |decimal[2]                                 
decimal[1]                                 |decimal[1]                                 
decimal[0]                                 |decimal[0]                                 
hex[7]                                     |hex[7]                                     
hex[6]                                     |hex[6]                                     
hex[5]                                     |hex[5]                                     
hex[4]                                     |hex[4]                                     
hex[3]                                     |hex[3]                                     
hex[2]                                     |hex[2]                                     
hex[1]                                     |hex[1]                                     
hex[0]                                     |hex[0]                                     
vdd                                        |vdd                                        
gnd                                        |gnd                                        
---------------------------------------------------------------------------------------
Cell pin lists are equivalent.
Device classes dec_to_hex and dec_to_hex are equivalent.
Circuits match uniquely.
