#! /usr/bin/vvp
:ivl_version "11.0 (stable)";
:ivl_delay_selection "TYPICAL";
:vpi_time_precision + 0;
:vpi_module "/usr/lib/x86_64-linux-gnu/ivl/system.vpi";
:vpi_module "/usr/lib/x86_64-linux-gnu/ivl/vhdl_sys.vpi";
:vpi_module "/usr/lib/x86_64-linux-gnu/ivl/vhdl_textio.vpi";
:vpi_module "/usr/lib/x86_64-linux-gnu/ivl/v2005_math.vpi";
:vpi_module "/usr/lib/x86_64-linux-gnu/ivl/va_math.vpi";
S_0x56310eae8c60 .scope module, "tb" "tb" 2 2;
 .timescale 0 0;
v0x56310eafc7a0_0 .var "binary", 7 0;
v0x56310eafc860_0 .net "decimal", 7 0, v0x56310eaafba0_0;  1 drivers
v0x56310eafc930_0 .var/i "i", 31 0;
S_0x56310eae8df0 .scope module, "dut" "binary_to_decimal" 2 7, 3 1 0, S_0x56310eae8c60;
 .timescale 0 0;
    .port_info 0 /INPUT 8 "binary";
    .port_info 1 /OUTPUT 8 "decimal";
v0x56310eaaf7b0_0 .net "binary", 7 0, v0x56310eafc7a0_0;  1 drivers
v0x56310eaafba0_0 .var "decimal", 7 0;
v0x56310eafc390_0 .var/i "i", 31 0;
v0x56310eafc450_0 .var/i "j", 31 0;
v0x56310eafc530_0 .var/i "k", 31 0;
v0x56310eafc660_0 .var/i "temp", 31 0;
E_0x56310eae6f80 .event edge, v0x56310eaaf7b0_0;
    .scope S_0x56310eae8df0;
T_0 ;
    %wait E_0x56310eae6f80;
    %pushi/vec4 0, 0, 32;
    %store/vec4 v0x56310eafc530_0, 0, 32;
    %pushi/vec4 0, 0, 32;
    %store/vec4 v0x56310eafc390_0, 0, 32;
T_0.0 ;
    %load/vec4 v0x56310eafc390_0;
    %cmpi/s 8, 0, 32;
    %jmp/0xz T_0.1, 5;
    %load/vec4 v0x56310eaaf7b0_0;
    %load/vec4 v0x56310eafc390_0;
    %part/s 1;
    %pad/u 32;
    %store/vec4 v0x56310eafc450_0, 0, 32;
    %load/vec4 v0x56310eafc450_0;
    %pushi/vec4 2, 0, 32;
    %load/vec4 v0x56310eafc390_0;
    %pow/s;
    %mul;
    %store/vec4 v0x56310eafc660_0, 0, 32;
    %load/vec4 v0x56310eafc530_0;
    %load/vec4 v0x56310eafc660_0;
    %add;
    %store/vec4 v0x56310eafc530_0, 0, 32;
    ; show_stmt_assign_vector: Get l-value for compressed += operand
    %load/vec4 v0x56310eafc390_0;
    %pushi/vec4 1, 0, 32;
    %add;
    %store/vec4 v0x56310eafc390_0, 0, 32;
    %jmp T_0.0;
T_0.1 ;
    %load/vec4 v0x56310eafc530_0;
    %pad/s 8;
    %store/vec4 v0x56310eaafba0_0, 0, 8;
    %jmp T_0;
    .thread T_0, $push;
    .scope S_0x56310eae8c60;
T_1 ;
    %pushi/vec4 0, 0, 32;
    %store/vec4 v0x56310eafc930_0, 0, 32;
T_1.0 ;
    %load/vec4 v0x56310eafc930_0;
    %cmpi/s 13, 0, 32;
    %jmp/0xz T_1.1, 5;
    %vpi_func 2 28 "$urandom_range" 32, 32'sb00000000000000000000000000000000, 32'sb00000000000000000000000011111111 {0 0 0};
    %pad/u 8;
    %store/vec4 v0x56310eafc7a0_0, 0, 8;
    %delay 30, 0;
    %vpi_call 2 30 "$display", "Decimal: %d Binary: %b", v0x56310eafc860_0, v0x56310eafc7a0_0 {0 0 0};
    %load/vec4 v0x56310eafc930_0;
    %addi 1, 0, 32;
    %store/vec4 v0x56310eafc930_0, 0, 32;
    %jmp T_1.0;
T_1.1 ;
    %end;
    .thread T_1;
    .scope S_0x56310eae8c60;
T_2 ;
    %vpi_call 2 34 "$dumpfile", "test.vcd" {0 0 0};
    %vpi_call 2 35 "$dumpvars", 32'sb00000000000000000000000000000000, S_0x56310eae8c60 {0 0 0};
    %end;
    .thread T_2;
# The file index is used to find the file name in the following table.
:file_names 4;
    "N/A";
    "<interactive>";
    "tb_bintodec.v";
    "./bintodec.v";
